# JRE version: OpenJDK Runtime Environment Temurin-17.0.4.1+1 (17.0.4.1+1) (build 17.0.4.1+1)
# Java VM: OpenJDK 64-Bit Server VM Temurin-17.0.4.1+1 (17.0.4.1+1, mixed mode, tiered, compressed oops, compressed class ptrs, g1 gc, windows-amd64)
GC Precious Log:
 CPUs: 12 total, 12 available
 Memory: 6005M
 Large Page Support: Disabled
 NUMA Support: Disabled
 Compressed Oops: Enabled (32-bit)
 Heap Region Size: 1M
 Heap Min Capacity: 8M
 Heap Initial Capacity: 94M
 Heap Max Capacity: 1502M
 Pre-touch: Disabled
 Parallel Workers: 10
 Concurrent Workers: 3
 Concurrent Refinement Workers: 10
 Periodic GC: Disabled
Heap:
 garbage-first heap   total 96256K, used 36848K [0x00000000a2200000, 0x0000000100000000)
  region size 1024K, 1 young (1024K), 1 survivors (1024K)
 Metaspace       used 41176K, committed 41472K, reserved 1089536K
  class space    used 4763K, committed 4928K, reserved 1048576K
GC Heap History (20 events):
Event: 1.618 GC heap after
{Heap after GC invocations=5 (full 0):
 garbage-first heap   total 34816K, used 9854K [0x00000000a2200000, 0x0000000100000000)
  region size 1024K, 2 young (2048K), 2 survivors (2048K)
 Metaspace       used 23587K, committed 23808K, reserved 1073152K
  class space    used 2489K, committed 2624K, reserved 1048576K
}
Event: 1.631 GC heap before
{Heap before GC invocations=5 (full 0):
 garbage-first heap   total 34816K, used 24190K [0x00000000a2200000, 0x0000000100000000)
  region size 1024K, 16 young (16384K), 2 survivors (2048K)
 Metaspace       used 23587K, committed 23808K, reserved 1073152K
  class space    used 2489K, committed 2624K, reserved 1048576K
}
Event: 1.633 GC heap after
{Heap after GC invocations=6 (full 0):
 garbage-first heap   total 34816K, used 10406K [0x00000000a2200000, 0x0000000100000000)
  region size 1024K, 1 young (1024K), 1 survivors (1024K)
 Metaspace       used 23587K, committed 23808K, reserved 1073152K
  class space    used 2489K, committed 2624K, reserved 1048576K
}
Event: 1.900 GC heap before
{Heap before GC invocations=6 (full 0):
 garbage-first heap   total 34816K, used 25766K [0x00000000a2200000, 0x0000000100000000)
  region size 1024K, 16 young (16384K), 1 survivors (1024K)
 Metaspace       used 26353K, committed 26624K, reserved 1073152K
  class space    used 2868K, committed 3008K, reserved 1048576K
}
Event: 1.902 GC heap after
{Heap after GC invocations=7 (full 0):
 garbage-first heap   total 34816K, used 11594K [0x00000000a2200000, 0x0000000100000000)
  region size 1024K, 2 young (2048K), 2 survivors (2048K)
 Metaspace       used 26353K, committed 26624K, reserved 1073152K
  class space    used 2868K, committed 3008K, reserved 1048576K
}
Event: 2.802 GC heap before
{Heap before GC invocations=7 (full 0):
 garbage-first heap   total 34816K, used 24906K [0x00000000a2200000, 0x0000000100000000)
  region size 1024K, 16 young (16384K), 2 survivors (2048K)
 Metaspace       used 31036K, committed 31296K, reserved 1081344K
  class space    used 3510K, committed 3648K, reserved 1048576K
}
Event: 2.805 GC heap after
{Heap after GC invocations=8 (full 0):
 garbage-first heap   total 34816K, used 13138K [0x00000000a2200000, 0x0000000100000000)
  region size 1024K, 2 young (2048K), 2 survivors (2048K)
 Metaspace       used 31036K, committed 31296K, reserved 1081344K
  class space    used 3510K, committed 3648K, reserved 1048576K
}
Event: 3.044 GC heap before
{Heap before GC invocations=8 (full 0):
 garbage-first heap   total 34816K, used 25426K [0x00000000a2200000, 0x0000000100000000)
  region size 1024K, 14 young (14336K), 2 survivors (2048K)
 Metaspace       used 34753K, committed 35008K, reserved 1081344K
  class space    used 3908K, committed 4032K, reserved 1048576K
}
Event: 3.047 GC heap after
{Heap after GC invocations=9 (full 0):
 garbage-first heap   total 34816K, used 15257K [0x00000000a2200000, 0x0000000100000000)
  region size 1024K, 2 young (2048K), 2 survivors (2048K)
 Metaspace       used 34753K, committed 35008K, reserved 1081344K
  class space    used 3908K, committed 4032K, reserved 1048576K
}
Event: 3.212 GC heap before
{Heap before GC invocations=9 (full 0):
 garbage-first heap   total 34816K, used 18329K [0x00000000a2200000, 0x0000000100000000)
  region size 1024K, 6 young (6144K), 2 survivors (2048K)
 Metaspace       used 35819K, committed 36096K, reserved 1081344K
  class space    used 4045K, committed 4160K, reserved 1048576K
}
Event: 3.214 GC heap after
{Heap after GC invocations=10 (full 0):
 garbage-first heap   total 69632K, used 15817K [0x00000000a2200000, 0x0000000100000000)
  region size 1024K, 1 young (1024K), 1 survivors (1024K)
 Metaspace       used 35819K, committed 36096K, reserved 1081344K
  class space    used 4045K, committed 4160K, reserved 1048576K
}
Event: 13.382 GC heap before
{Heap before GC invocations=11 (full 0):
 garbage-first heap   total 58368K, used 47561K [0x00000000a2200000, 0x0000000100000000)
  region size 1024K, 29 young (29696K), 1 survivors (1024K)
 Metaspace       used 40998K, committed 41280K, reserved 1089536K
  class space    used 4763K, committed 4928K, reserved 1048576K
}
Event: 13.386 GC heap after
{Heap after GC invocations=12 (full 0):
 garbage-first heap   total 58368K, used 22750K [0x00000000a2200000, 0x0000000100000000)
  region size 1024K, 3 young (3072K), 3 survivors (3072K)
 Metaspace       used 40998K, committed 41280K, reserved 1089536K
  class space    used 4763K, committed 4928K, reserved 1048576K
}
Event: 30.476 GC heap before
{Heap before GC invocations=12 (full 0):
 garbage-first heap   total 58368K, used 30942K [0x00000000a2200000, 0x0000000100000000)
  region size 1024K, 8 young (8192K), 3 survivors (3072K)
 Metaspace       used 41171K, committed 41472K, reserved 1089536K
  class space    used 4763K, committed 4928K, reserved 1048576K
}
Event: 30.479 GC heap after
{Heap after GC invocations=13 (full 0):
 garbage-first heap   total 58368K, used 29881K [0x00000000a2200000, 0x0000000100000000)
  region size 1024K, 3 young (3072K), 3 survivors (3072K)
 Metaspace       used 41171K, committed 41472K, reserved 1089536K
  class space    used 4763K, committed 4928K, reserved 1048576K
}
Event: 30.500 GC heap before
{Heap before GC invocations=14 (full 0):
 garbage-first heap   total 87040K, used 51385K [0x00000000a2200000, 0x0000000100000000)
  region size 1024K, 5 young (5120K), 3 survivors (3072K)
 Metaspace       used 41176K, committed 41472K, reserved 1089536K
  class space    used 4763K, committed 4928K, reserved 1048576K
}
Event: 30.502 GC heap after
{Heap after GC invocations=15 (full 0):
 garbage-first heap   total 87040K, used 36969K [0x00000000a2200000, 0x0000000100000000)
  region size 1024K, 1 young (1024K), 1 survivors (1024K)
 Metaspace       used 41176K, committed 41472K, reserved 1089536K
  class space    used 4763K, committed 4928K, reserved 1048576K
}
Event: 30.507 GC heap before
{Heap before GC invocations=15 (full 0):
 garbage-first heap   total 87040K, used 40041K [0x00000000a2200000, 0x0000000100000000)
  region size 1024K, 2 young (2048K), 1 survivors (1024K)
 Metaspace       used 41176K, committed 41472K, reserved 1089536K
  class space    used 4763K, committed 4928K, reserved 1048576K
}
Event: 30.508 GC heap after
{Heap after GC invocations=16 (full 0):
 garbage-first heap   total 87040K, used 37896K [0x00000000a2200000, 0x0000000100000000)
  region size 1024K, 1 young (1024K), 1 survivors (1024K)
 Metaspace       used 41176K, committed 41472K, reserved 1089536K
  class space    used 4763K, committed 4928K, reserved 1048576K
}
Event: 30.509 GC heap before
{Heap before GC invocations=16 (full 0):
 garbage-first heap   total 87040K, used 39944K [0x00000000a2200000, 0x0000000100000000)
  region size 1024K, 2 young (2048K), 1 survivors (1024K)
 Metaspace       used 41176K, committed 41472K, reserved 1089536K
  class space    used 4763K, committed 4928K, reserved 1048576K
}

