<?xml version="1.0" encoding="UTF-8"?>
<!-- Generated by org.testng.reporters.JUnitXMLReporter -->
<testsuite ignored="0" hostname="LAPTOP-D6EH55C7" failures="0" tests="4" name="Registration_test" time="90.05" errors="0" timestamp="2023-09-02T11:10:34 IST">
  <testcase classname="test_cases.RegisterTest" name="Register" time="2.663"/>
  <testcase classname="test_cases.RegisterTest" name="Register" time="2.107"/>
  <testcase classname="test_cases.RegisterTest" name="Re_Register" time="30.894"/>
  <testcase classname="test_cases.RegisterTest" name="Re_Register" time="30.93"/>
</testsuite> <!-- Registration_test -->
