<?xml version="1.0" encoding="UTF-8"?>
<!-- Generated by org.testng.reporters.JUnitXMLReporter -->
<testsuite ignored="0" hostname="LAPTOP-D6EH55C7" failures="1" tests="2" name="Test" time="52.671" errors="0" timestamp="2023-09-02T00:36:53 IST">
  <testcase classname="test_cases.RegisterTest" name="Register" time="2.65"/>
  <testcase classname="test_cases.RegisterTest" name="Register" time="30.92">
    <failure type="java.lang.AssertionError" message="Registration Failed  expected [true] but found [false]">
      <![CDATA[java.lang.AssertionError: Registration Failed  expected [true] but found [false]
at test_cases.RegisterTest.Register(RegisterTest.java:27)
at java.base/java.util.ArrayList.forEach(ArrayList.java:1511)
... Removed 30 stack frames]]>
    </failure>
  </testcase> <!-- Register -->
</testsuite> <!-- Test -->
