<?xml version="1.0" encoding="UTF-8"?>
<testng-results ignored="0" total="2" passed="2" failed="0" skipped="0">
  <reporter-output>
  </reporter-output>
  <suite started-at="2023-09-25T13:13:29 IST" name="Suite" finished-at="2023-09-25T13:14:04 IST" duration-ms="35867">
    <groups>
    </groups>
    <test started-at="2023-09-25T13:13:29 IST" name="Test" finished-at="2023-09-25T13:14:04 IST" duration-ms="35867">
      <class name="test_cases.LoginTest">
        <test-method is-config="true" signature="setupBrowser()[pri:0, instance:test_cases.LoginTest@41005828]" started-at="2023-09-25T13:13:30 IST" name="setupBrowser" finished-at="2023-09-25T13:13:46 IST" duration-ms="16749" status="PASS">
          <reporter-output>
          </reporter-output>
        </test-method> <!-- setupBrowser -->
        <test-method signature="loginToApplication(java.lang.String,java.lang.String)[pri:0, instance:test_cases.LoginTest@41005828]" started-at="2023-09-25T13:13:46 IST" name="loginToApplication" data-provider="loginDetails" finished-at="2023-09-25T13:13:50 IST" duration-ms="3451" status="PASS">
          <params>
            <param index="0">
              <value>
                <![CDATA[test123456@]]>
              </value>
            </param>
            <param index="1">
              <value>
                <![CDATA[test123456@]]>
              </value>
            </param>
          </params>
          <reporter-output>
          </reporter-output>
        </test-method> <!-- loginToApplication -->
        <test-method is-config="true" signature="closeBrowser()[pri:0, instance:test_cases.LoginTest@41005828]" started-at="2023-09-25T13:13:50 IST" name="closeBrowser" finished-at="2023-09-25T13:13:50 IST" duration-ms="218" status="PASS">
          <reporter-output>
          </reporter-output>
        </test-method> <!-- closeBrowser -->
        <test-method is-config="true" signature="setupBrowser()[pri:0, instance:test_cases.LoginTest@41005828]" started-at="2023-09-25T13:13:50 IST" name="setupBrowser" finished-at="2023-09-25T13:14:00 IST" duration-ms="9868" status="PASS">
          <reporter-output>
          </reporter-output>
        </test-method> <!-- setupBrowser -->
        <test-method signature="loginToApplication(java.lang.String,java.lang.String)[pri:0, instance:test_cases.LoginTest@41005828]" started-at="2023-09-25T13:14:00 IST" name="loginToApplication" data-provider="loginDetails" finished-at="2023-09-25T13:14:04 IST" duration-ms="3401" status="PASS">
          <params>
            <param index="0">
              <value>
                <![CDATA[1111111111@]]>
              </value>
            </param>
            <param index="1">
              <value>
                <![CDATA[111111111#]]>
              </value>
            </param>
          </params>
          <reporter-output>
          </reporter-output>
        </test-method> <!-- loginToApplication -->
        <test-method is-config="true" signature="closeBrowser()[pri:0, instance:test_cases.LoginTest@41005828]" started-at="2023-09-25T13:14:04 IST" name="closeBrowser" finished-at="2023-09-25T13:14:04 IST" duration-ms="159" status="PASS">
          <reporter-output>
          </reporter-output>
        </test-method> <!-- closeBrowser -->
      </class> <!-- test_cases.LoginTest -->
    </test> <!-- Test -->
  </suite> <!-- Suite -->
</testng-results>
