<?xml version="1.0" encoding="UTF-8"?>
<testng-results ignored="0" total="4" passed="4" failed="0" skipped="0">
  <reporter-output>
  </reporter-output>
  <suite started-at="2023-09-02T11:09:03 IST" name="Suite" finished-at="2023-09-02T11:10:34 IST" duration-ms="90050">
    <groups>
    </groups>
    <test started-at="2023-09-02T11:09:03 IST" name="Registration_test" finished-at="2023-09-02T11:10:34 IST" duration-ms="90050">
      <class name="test_cases.RegisterTest">
        <test-method is-config="true" signature="setupBrowser()[pri:0, instance:test_cases.RegisterTest@6cc558c6]" started-at="2023-09-02T11:09:04 IST" name="setupBrowser" finished-at="2023-09-02T11:09:12 IST" duration-ms="7308" status="PASS">
          <reporter-output>
          </reporter-output>
        </test-method> <!-- setupBrowser -->
        <test-method signature="Register(java.lang.String,java.lang.String)[pri:1, instance:test_cases.RegisterTest@6cc558c6]" started-at="2023-09-02T11:09:12 IST" name="Register" data-provider="loginDetails" finished-at="2023-09-02T11:09:14 IST" duration-ms="2663" status="PASS">
          <params>
            <param index="0">
              <value>
                <![CDATA[test123456@]]>
              </value>
            </param>
            <param index="1">
              <value>
                <![CDATA[test123456@]]>
              </value>
            </param>
          </params>
          <reporter-output>
          </reporter-output>
        </test-method> <!-- Register -->
        <test-method is-config="true" signature="closeBrowser()[pri:0, instance:test_cases.RegisterTest@6cc558c6]" started-at="2023-09-02T11:09:15 IST" name="closeBrowser" finished-at="2023-09-02T11:09:15 IST" duration-ms="194" status="PASS">
          <reporter-output>
          </reporter-output>
        </test-method> <!-- closeBrowser -->
        <test-method is-config="true" signature="setupBrowser()[pri:0, instance:test_cases.RegisterTest@6cc558c6]" started-at="2023-09-02T11:09:15 IST" name="setupBrowser" finished-at="2023-09-02T11:09:18 IST" duration-ms="2674" status="PASS">
          <reporter-output>
          </reporter-output>
        </test-method> <!-- setupBrowser -->
        <test-method signature="Register(java.lang.String,java.lang.String)[pri:1, instance:test_cases.RegisterTest@6cc558c6]" started-at="2023-09-02T11:09:18 IST" name="Register" data-provider="loginDetails" finished-at="2023-09-02T11:09:20 IST" duration-ms="2107" status="PASS">
          <params>
            <param index="0">
              <value>
                <![CDATA[1111111111@]]>
              </value>
            </param>
            <param index="1">
              <value>
                <![CDATA[111111111#]]>
              </value>
            </param>
          </params>
          <reporter-output>
          </reporter-output>
        </test-method> <!-- Register -->
        <test-method is-config="true" signature="closeBrowser()[pri:0, instance:test_cases.RegisterTest@6cc558c6]" started-at="2023-09-02T11:09:20 IST" name="closeBrowser" finished-at="2023-09-02T11:09:20 IST" duration-ms="114" status="PASS">
          <reporter-output>
          </reporter-output>
        </test-method> <!-- closeBrowser -->
        <test-method is-config="true" signature="setupBrowser()[pri:0, instance:test_cases.RegisterTest@6cc558c6]" started-at="2023-09-02T11:09:20 IST" name="setupBrowser" finished-at="2023-09-02T11:09:23 IST" duration-ms="2478" status="PASS">
          <reporter-output>
          </reporter-output>
        </test-method> <!-- setupBrowser -->
        <test-method signature="Re_Register(java.lang.String,java.lang.String)[pri:2, instance:test_cases.RegisterTest@6cc558c6]" started-at="2023-09-02T11:09:23 IST" name="Re_Register" data-provider="loginDetails" finished-at="2023-09-02T11:09:54 IST" duration-ms="30894" status="PASS">
          <params>
            <param index="0">
              <value>
                <![CDATA[test123456@]]>
              </value>
            </param>
            <param index="1">
              <value>
                <![CDATA[test123456@]]>
              </value>
            </param>
          </params>
          <reporter-output>
          </reporter-output>
        </test-method> <!-- Re_Register -->
        <test-method is-config="true" signature="closeBrowser()[pri:0, instance:test_cases.RegisterTest@6cc558c6]" started-at="2023-09-02T11:09:54 IST" name="closeBrowser" finished-at="2023-09-02T11:09:54 IST" duration-ms="183" status="PASS">
          <reporter-output>
          </reporter-output>
        </test-method> <!-- closeBrowser -->
        <test-method is-config="true" signature="setupBrowser()[pri:0, instance:test_cases.RegisterTest@6cc558c6]" started-at="2023-09-02T11:09:54 IST" name="setupBrowser" finished-at="2023-09-02T11:10:02 IST" duration-ms="7572" status="PASS">
          <reporter-output>
          </reporter-output>
        </test-method> <!-- setupBrowser -->
        <test-method signature="Re_Register(java.lang.String,java.lang.String)[pri:2, instance:test_cases.RegisterTest@6cc558c6]" started-at="2023-09-02T11:10:02 IST" name="Re_Register" data-provider="loginDetails" finished-at="2023-09-02T11:10:33 IST" duration-ms="30930" status="PASS">
          <params>
            <param index="0">
              <value>
                <![CDATA[1111111111@]]>
              </value>
            </param>
            <param index="1">
              <value>
                <![CDATA[111111111#]]>
              </value>
            </param>
          </params>
          <reporter-output>
          </reporter-output>
        </test-method> <!-- Re_Register -->
        <test-method is-config="true" signature="closeBrowser()[pri:0, instance:test_cases.RegisterTest@6cc558c6]" started-at="2023-09-02T11:10:33 IST" name="closeBrowser" finished-at="2023-09-02T11:10:34 IST" duration-ms="181" status="PASS">
          <reporter-output>
          </reporter-output>
        </test-method> <!-- closeBrowser -->
      </class> <!-- test_cases.RegisterTest -->
    </test> <!-- Registration_test -->
  </suite> <!-- Suite -->
</testng-results>
