<?xml version="1.0" encoding="UTF-8"?>
<testng-results ignored="0" total="2" passed="2" failed="0" skipped="0">
  <reporter-output>
  </reporter-output>
  <suite started-at="2023-09-12T11:55:48 IST" name="Suite" finished-at="2023-09-12T11:56:16 IST" duration-ms="28379">
    <groups>
    </groups>
    <test started-at="2023-09-12T11:55:48 IST" name="Test" finished-at="2023-09-12T11:56:16 IST" duration-ms="28379">
      <class name="test_cases.LoginTest">
        <test-method is-config="true" signature="setupBrowser()[pri:0, instance:test_cases.LoginTest@7a67e3c6]" started-at="2023-09-12T11:55:49 IST" name="setupBrowser" finished-at="2023-09-12T11:55:59 IST" duration-ms="10363" status="PASS">
          <reporter-output>
          </reporter-output>
        </test-method> <!-- setupBrowser -->
        <test-method signature="loginToApplication(java.lang.String,java.lang.String)[pri:0, instance:test_cases.LoginTest@7a67e3c6]" started-at="2023-09-12T11:55:59 IST" name="loginToApplication" data-provider="loginDetails" finished-at="2023-09-12T11:56:03 IST" duration-ms="3684" status="PASS">
          <params>
            <param index="0">
              <value>
                <![CDATA[test123456@]]>
              </value>
            </param>
            <param index="1">
              <value>
                <![CDATA[test123456@]]>
              </value>
            </param>
          </params>
          <reporter-output>
          </reporter-output>
        </test-method> <!-- loginToApplication -->
        <test-method is-config="true" signature="closeBrowser()[pri:0, instance:test_cases.LoginTest@7a67e3c6]" started-at="2023-09-12T11:56:04 IST" name="closeBrowser" finished-at="2023-09-12T11:56:04 IST" duration-ms="247" status="PASS">
          <reporter-output>
          </reporter-output>
        </test-method> <!-- closeBrowser -->
        <test-method is-config="true" signature="setupBrowser()[pri:0, instance:test_cases.LoginTest@7a67e3c6]" started-at="2023-09-12T11:56:04 IST" name="setupBrowser" finished-at="2023-09-12T11:56:12 IST" duration-ms="8202" status="PASS">
          <reporter-output>
          </reporter-output>
        </test-method> <!-- setupBrowser -->
        <test-method signature="loginToApplication(java.lang.String,java.lang.String)[pri:0, instance:test_cases.LoginTest@7a67e3c6]" started-at="2023-09-12T11:56:12 IST" name="loginToApplication" data-provider="loginDetails" finished-at="2023-09-12T11:56:16 IST" duration-ms="3497" status="PASS">
          <params>
            <param index="0">
              <value>
                <![CDATA[1111111111@]]>
              </value>
            </param>
            <param index="1">
              <value>
                <![CDATA[111111111#]]>
              </value>
            </param>
          </params>
          <reporter-output>
          </reporter-output>
        </test-method> <!-- loginToApplication -->
        <test-method is-config="true" signature="closeBrowser()[pri:0, instance:test_cases.LoginTest@7a67e3c6]" started-at="2023-09-12T11:56:16 IST" name="closeBrowser" finished-at="2023-09-12T11:56:16 IST" duration-ms="222" status="PASS">
          <reporter-output>
          </reporter-output>
        </test-method> <!-- closeBrowser -->
      </class> <!-- test_cases.LoginTest -->
    </test> <!-- Test -->
  </suite> <!-- Suite -->
</testng-results>
